<?xml version="1.0" encoding="UTF-8"?>
<!-- Generated by org.testng.reporters.JUnitXMLReporter -->
<testsuite ignored="0" hostname="MBGNW0224" failures="1" tests="13" name="RestTesting" time="234.204" errors="0" timestamp="2022-06-22T10:40:16 EEST">
  <testcase classname="Selenium.TheInternetTests" name="ABTest" time="3.176"/>
  <testcase classname="Selenium.TheInternetTests" name="AddRemoveElementsTest" time="25.95"/>
  <testcase classname="Selenium.TheInternetTests" name="BasicAuthTest" time="3.438"/>
  <testcase classname="Selenium.TheInternetTests" name="ChallengingDOM" time="5.0"/>
  <testcase classname="Selenium.TheInternetTests" name="ContextMenuTest" time="2.04"/>
  <testcase classname="Selenium.TheInternetTests" name="DisappearingElementsTest" time="2.27"/>
  <testcase classname="Selenium.TheInternetTests" name="DragAndDropTest" time="140.154">
    <failure type="java.lang.AssertionError" message="expected [B] but found [A]">
      <![CDATA[java.lang.AssertionError: expected [B] but found [A]
at Selenium.TheInternetTests.DragAndDropTest(TheInternetTests.java:82)
at java.base/java.util.ArrayList.forEach(ArrayList.java:1511)
at com.intellij.rt.testng.IDEARemoteTestNG.run(IDEARemoteTestNG.java:66)
at com.intellij.rt.testng.RemoteTestNGStarter.main(RemoteTestNGStarter.java:109)
... Removed 30 stack frames]]>
    </failure>
  </testcase> <!-- DragAndDropTest -->
  <testcase classname="Selenium.TheInternetTests" name="DropdownListTest" time="1.847"/>
  <testcase classname="Selenium.TheInternetTests" name="FloatingMenuTest" time="4.089"/>
  <testcase classname="Selenium.TheInternetTests" name="HoversTest" time="2.09"/>
  <testcase classname="Selenium.TheInternetTests" name="NewWindowTest" time="2.189"/>
  <testcase classname="Selenium.TheInternetTests" name="checkboxesTest" time="1.769"/>
  <testcase classname="Selenium.TheInternetTests" name="dynamicControls" time="9.063"/>
</testsuite> <!-- RestTesting -->
