<?xml version="1.0" encoding="UTF-8"?>
<testng-results ignored="0" total="13" passed="12" failed="1" skipped="0">
  <reporter-output>
  </reporter-output>
  <suite started-at="2022-06-22T10:36:22 EEST" name="Default Suite" finished-at="2022-06-22T10:40:16 EEST" duration-ms="234204">
    <groups>
    </groups>
    <test started-at="2022-06-22T10:36:22 EEST" name="RestTesting" finished-at="2022-06-22T10:40:16 EEST" duration-ms="234204">
      <class name="Selenium.TheInternetTests">
        <test-method is-config="true" signature="setUp()[pri:0, instance:Selenium.TheInternetTests@43ee72e6]" started-at="2022-06-22T10:36:22 EEST" name="setUp" finished-at="2022-06-22T10:36:24 EEST" duration-ms="2410" status="PASS">
          <reporter-output>
          </reporter-output>
        </test-method> <!-- setUp -->
        <test-method signature="ABTest()[pri:0, instance:Selenium.TheInternetTests@43ee72e6]" started-at="2022-06-22T10:36:24 EEST" name="ABTest" finished-at="2022-06-22T10:36:27 EEST" duration-ms="3176" status="PASS">
          <reporter-output>
          </reporter-output>
        </test-method> <!-- ABTest -->
        <test-method is-config="true" signature="tearDown()[pri:0, instance:Selenium.TheInternetTests@43ee72e6]" started-at="2022-06-22T10:36:27 EEST" name="tearDown" finished-at="2022-06-22T10:36:29 EEST" duration-ms="1205" status="PASS">
          <reporter-output>
          </reporter-output>
        </test-method> <!-- tearDown -->
        <test-method is-config="true" signature="setUp()[pri:0, instance:Selenium.TheInternetTests@43ee72e6]" started-at="2022-06-22T10:36:29 EEST" name="setUp" finished-at="2022-06-22T10:36:30 EEST" duration-ms="1056" status="PASS">
          <reporter-output>
          </reporter-output>
        </test-method> <!-- setUp -->
        <test-method signature="AddRemoveElementsTest()[pri:0, instance:Selenium.TheInternetTests@43ee72e6]" started-at="2022-06-22T10:36:30 EEST" name="AddRemoveElementsTest" finished-at="2022-06-22T10:36:56 EEST" duration-ms="25950" status="PASS">
          <reporter-output>
          </reporter-output>
        </test-method> <!-- AddRemoveElementsTest -->
        <test-method is-config="true" signature="tearDown()[pri:0, instance:Selenium.TheInternetTests@43ee72e6]" started-at="2022-06-22T10:36:56 EEST" name="tearDown" finished-at="2022-06-22T10:36:57 EEST" duration-ms="1201" status="PASS">
          <reporter-output>
          </reporter-output>
        </test-method> <!-- tearDown -->
        <test-method is-config="true" signature="setUp()[pri:0, instance:Selenium.TheInternetTests@43ee72e6]" started-at="2022-06-22T10:36:57 EEST" name="setUp" finished-at="2022-06-22T10:36:58 EEST" duration-ms="1151" status="PASS">
          <reporter-output>
          </reporter-output>
        </test-method> <!-- setUp -->
        <test-method signature="BasicAuthTest()[pri:0, instance:Selenium.TheInternetTests@43ee72e6]" started-at="2022-06-22T10:36:58 EEST" name="BasicAuthTest" finished-at="2022-06-22T10:37:01 EEST" duration-ms="3438" status="PASS">
          <reporter-output>
          </reporter-output>
        </test-method> <!-- BasicAuthTest -->
        <test-method is-config="true" signature="tearDown()[pri:0, instance:Selenium.TheInternetTests@43ee72e6]" started-at="2022-06-22T10:37:01 EEST" name="tearDown" finished-at="2022-06-22T10:37:02 EEST" duration-ms="1155" status="PASS">
          <reporter-output>
          </reporter-output>
        </test-method> <!-- tearDown -->
        <test-method is-config="true" signature="setUp()[pri:0, instance:Selenium.TheInternetTests@43ee72e6]" started-at="2022-06-22T10:37:02 EEST" name="setUp" finished-at="2022-06-22T10:37:04 EEST" duration-ms="1149" status="PASS">
          <reporter-output>
          </reporter-output>
        </test-method> <!-- setUp -->
        <test-method signature="ChallengingDOM()[pri:0, instance:Selenium.TheInternetTests@43ee72e6]" started-at="2022-06-22T10:37:04 EEST" name="ChallengingDOM" finished-at="2022-06-22T10:37:09 EEST" duration-ms="5000" status="PASS">
          <reporter-output>
          </reporter-output>
        </test-method> <!-- ChallengingDOM -->
        <test-method is-config="true" signature="tearDown()[pri:0, instance:Selenium.TheInternetTests@43ee72e6]" started-at="2022-06-22T10:37:09 EEST" name="tearDown" finished-at="2022-06-22T10:37:10 EEST" duration-ms="1205" status="PASS">
          <reporter-output>
          </reporter-output>
        </test-method> <!-- tearDown -->
        <test-method is-config="true" signature="setUp()[pri:0, instance:Selenium.TheInternetTests@43ee72e6]" started-at="2022-06-22T10:37:10 EEST" name="setUp" finished-at="2022-06-22T10:37:11 EEST" duration-ms="1194" status="PASS">
          <reporter-output>
          </reporter-output>
        </test-method> <!-- setUp -->
        <test-method signature="ContextMenuTest()[pri:0, instance:Selenium.TheInternetTests@43ee72e6]" started-at="2022-06-22T10:37:11 EEST" name="ContextMenuTest" finished-at="2022-06-22T10:37:13 EEST" duration-ms="2040" status="PASS">
          <reporter-output>
          </reporter-output>
        </test-method> <!-- ContextMenuTest -->
        <test-method is-config="true" signature="tearDown()[pri:0, instance:Selenium.TheInternetTests@43ee72e6]" started-at="2022-06-22T10:37:13 EEST" name="tearDown" finished-at="2022-06-22T10:37:14 EEST" duration-ms="1192" status="PASS">
          <reporter-output>
          </reporter-output>
        </test-method> <!-- tearDown -->
        <test-method is-config="true" signature="setUp()[pri:0, instance:Selenium.TheInternetTests@43ee72e6]" started-at="2022-06-22T10:37:14 EEST" name="setUp" finished-at="2022-06-22T10:37:15 EEST" duration-ms="1103" status="PASS">
          <reporter-output>
          </reporter-output>
        </test-method> <!-- setUp -->
        <test-method signature="DisappearingElementsTest()[pri:0, instance:Selenium.TheInternetTests@43ee72e6]" started-at="2022-06-22T10:37:15 EEST" name="DisappearingElementsTest" finished-at="2022-06-22T10:37:18 EEST" duration-ms="2270" status="PASS">
          <reporter-output>
          </reporter-output>
        </test-method> <!-- DisappearingElementsTest -->
        <test-method is-config="true" signature="tearDown()[pri:0, instance:Selenium.TheInternetTests@43ee72e6]" started-at="2022-06-22T10:37:18 EEST" name="tearDown" finished-at="2022-06-22T10:37:19 EEST" duration-ms="1200" status="PASS">
          <reporter-output>
          </reporter-output>
        </test-method> <!-- tearDown -->
        <test-method is-config="true" signature="setUp()[pri:0, instance:Selenium.TheInternetTests@43ee72e6]" started-at="2022-06-22T10:37:19 EEST" name="setUp" finished-at="2022-06-22T10:37:20 EEST" duration-ms="1148" status="PASS">
          <reporter-output>
          </reporter-output>
        </test-method> <!-- setUp -->
        <test-method signature="DragAndDropTest()[pri:0, instance:Selenium.TheInternetTests@43ee72e6]" started-at="2022-06-22T10:37:20 EEST" name="DragAndDropTest" finished-at="2022-06-22T10:39:40 EEST" duration-ms="140154" status="FAIL">
          <exception class="java.lang.AssertionError">
            <message>
              <![CDATA[expected [B] but found [A]]]>
            </message>
            <full-stacktrace>
              <![CDATA[java.lang.AssertionError: expected [B] but found [A]
at org.testng.Assert.fail(Assert.java:110)
at org.testng.Assert.failNotEquals(Assert.java:1413)
at org.testng.Assert.assertEqualsImpl(Assert.java:149)
at org.testng.Assert.assertEquals(Assert.java:131)
at org.testng.Assert.assertEquals(Assert.java:655)
at org.testng.Assert.assertEquals(Assert.java:665)
at Selenium.TheInternetTests.DragAndDropTest(TheInternetTests.java:82)
at java.base/jdk.internal.reflect.NativeMethodAccessorImpl.invoke0(Native Method)
at java.base/jdk.internal.reflect.NativeMethodAccessorImpl.invoke(NativeMethodAccessorImpl.java:77)
at java.base/jdk.internal.reflect.DelegatingMethodAccessorImpl.invoke(DelegatingMethodAccessorImpl.java:43)
at java.base/java.lang.reflect.Method.invoke(Method.java:568)
at org.testng.internal.invokers.MethodInvocationHelper.invokeMethod(MethodInvocationHelper.java:135)
at org.testng.internal.invokers.TestInvoker.invokeMethod(TestInvoker.java:673)
at org.testng.internal.invokers.TestInvoker.invokeTestMethod(TestInvoker.java:220)
at org.testng.internal.invokers.MethodRunner.runInSequence(MethodRunner.java:50)
at org.testng.internal.invokers.TestInvoker$MethodInvocationAgent.invoke(TestInvoker.java:945)
at org.testng.internal.invokers.TestInvoker.invokeTestMethods(TestInvoker.java:193)
at org.testng.internal.invokers.TestMethodWorker.invokeTestMethods(TestMethodWorker.java:146)
at org.testng.internal.invokers.TestMethodWorker.run(TestMethodWorker.java:128)
at java.base/java.util.ArrayList.forEach(ArrayList.java:1511)
at org.testng.TestRunner.privateRun(TestRunner.java:808)
at org.testng.TestRunner.run(TestRunner.java:603)
at org.testng.SuiteRunner.runTest(SuiteRunner.java:429)
at org.testng.SuiteRunner.runSequentially(SuiteRunner.java:423)
at org.testng.SuiteRunner.privateRun(SuiteRunner.java:383)
at org.testng.SuiteRunner.run(SuiteRunner.java:326)
at org.testng.SuiteRunnerWorker.runSuite(SuiteRunnerWorker.java:52)
at org.testng.SuiteRunnerWorker.run(SuiteRunnerWorker.java:95)
at org.testng.TestNG.runSuitesSequentially(TestNG.java:1249)
at org.testng.TestNG.runSuitesLocally(TestNG.java:1169)
at org.testng.TestNG.runSuites(TestNG.java:1092)
at org.testng.TestNG.run(TestNG.java:1060)
at com.intellij.rt.testng.IDEARemoteTestNG.run(IDEARemoteTestNG.java:66)
at com.intellij.rt.testng.RemoteTestNGStarter.main(RemoteTestNGStarter.java:109)
]]>
            </full-stacktrace>
          </exception> <!-- java.lang.AssertionError -->
          <reporter-output>
          </reporter-output>
        </test-method> <!-- DragAndDropTest -->
        <test-method is-config="true" signature="tearDown()[pri:0, instance:Selenium.TheInternetTests@43ee72e6]" started-at="2022-06-22T10:39:40 EEST" name="tearDown" finished-at="2022-06-22T10:39:41 EEST" duration-ms="1194" status="PASS">
          <reporter-output>
          </reporter-output>
        </test-method> <!-- tearDown -->
        <test-method is-config="true" signature="setUp()[pri:0, instance:Selenium.TheInternetTests@43ee72e6]" started-at="2022-06-22T10:39:41 EEST" name="setUp" finished-at="2022-06-22T10:39:42 EEST" duration-ms="1134" status="PASS">
          <reporter-output>
          </reporter-output>
        </test-method> <!-- setUp -->
        <test-method signature="DropdownListTest()[pri:0, instance:Selenium.TheInternetTests@43ee72e6]" started-at="2022-06-22T10:39:42 EEST" name="DropdownListTest" finished-at="2022-06-22T10:39:44 EEST" duration-ms="1847" status="PASS">
          <reporter-output>
          </reporter-output>
        </test-method> <!-- DropdownListTest -->
        <test-method is-config="true" signature="tearDown()[pri:0, instance:Selenium.TheInternetTests@43ee72e6]" started-at="2022-06-22T10:39:44 EEST" name="tearDown" finished-at="2022-06-22T10:39:45 EEST" duration-ms="1134" status="PASS">
          <reporter-output>
          </reporter-output>
        </test-method> <!-- tearDown -->
        <test-method is-config="true" signature="setUp()[pri:0, instance:Selenium.TheInternetTests@43ee72e6]" started-at="2022-06-22T10:39:45 EEST" name="setUp" finished-at="2022-06-22T10:39:47 EEST" duration-ms="1117" status="PASS">
          <reporter-output>
          </reporter-output>
        </test-method> <!-- setUp -->
        <test-method signature="FloatingMenuTest()[pri:0, instance:Selenium.TheInternetTests@43ee72e6]" started-at="2022-06-22T10:39:47 EEST" name="FloatingMenuTest" finished-at="2022-06-22T10:39:51 EEST" duration-ms="4089" status="PASS">
          <reporter-output>
          </reporter-output>
        </test-method> <!-- FloatingMenuTest -->
        <test-method is-config="true" signature="tearDown()[pri:0, instance:Selenium.TheInternetTests@43ee72e6]" started-at="2022-06-22T10:39:51 EEST" name="tearDown" finished-at="2022-06-22T10:39:52 EEST" duration-ms="1202" status="PASS">
          <reporter-output>
          </reporter-output>
        </test-method> <!-- tearDown -->
        <test-method is-config="true" signature="setUp()[pri:0, instance:Selenium.TheInternetTests@43ee72e6]" started-at="2022-06-22T10:39:52 EEST" name="setUp" finished-at="2022-06-22T10:39:53 EEST" duration-ms="1110" status="PASS">
          <reporter-output>
          </reporter-output>
        </test-method> <!-- setUp -->
        <test-method signature="HoversTest()[pri:0, instance:Selenium.TheInternetTests@43ee72e6]" started-at="2022-06-22T10:39:53 EEST" name="HoversTest" finished-at="2022-06-22T10:39:55 EEST" duration-ms="2090" status="PASS">
          <reporter-output>
          </reporter-output>
        </test-method> <!-- HoversTest -->
        <test-method is-config="true" signature="tearDown()[pri:0, instance:Selenium.TheInternetTests@43ee72e6]" started-at="2022-06-22T10:39:55 EEST" name="tearDown" finished-at="2022-06-22T10:39:56 EEST" duration-ms="1172" status="PASS">
          <reporter-output>
          </reporter-output>
        </test-method> <!-- tearDown -->
        <test-method is-config="true" signature="setUp()[pri:0, instance:Selenium.TheInternetTests@43ee72e6]" started-at="2022-06-22T10:39:56 EEST" name="setUp" finished-at="2022-06-22T10:39:57 EEST" duration-ms="986" status="PASS">
          <reporter-output>
          </reporter-output>
        </test-method> <!-- setUp -->
        <test-method signature="NewWindowTest()[pri:0, instance:Selenium.TheInternetTests@43ee72e6]" started-at="2022-06-22T10:39:57 EEST" name="NewWindowTest" finished-at="2022-06-22T10:39:59 EEST" duration-ms="2189" status="PASS">
          <reporter-output>
          </reporter-output>
        </test-method> <!-- NewWindowTest -->
        <test-method is-config="true" signature="tearDown()[pri:0, instance:Selenium.TheInternetTests@43ee72e6]" started-at="2022-06-22T10:39:59 EEST" name="tearDown" finished-at="2022-06-22T10:40:01 EEST" duration-ms="1139" status="PASS">
          <reporter-output>
          </reporter-output>
        </test-method> <!-- tearDown -->
        <test-method is-config="true" signature="setUp()[pri:0, instance:Selenium.TheInternetTests@43ee72e6]" started-at="2022-06-22T10:40:01 EEST" name="setUp" finished-at="2022-06-22T10:40:02 EEST" duration-ms="1111" status="PASS">
          <reporter-output>
          </reporter-output>
        </test-method> <!-- setUp -->
        <test-method signature="checkboxesTest()[pri:0, instance:Selenium.TheInternetTests@43ee72e6]" started-at="2022-06-22T10:40:02 EEST" name="checkboxesTest" finished-at="2022-06-22T10:40:03 EEST" duration-ms="1769" status="PASS">
          <reporter-output>
          </reporter-output>
        </test-method> <!-- checkboxesTest -->
        <test-method is-config="true" signature="tearDown()[pri:0, instance:Selenium.TheInternetTests@43ee72e6]" started-at="2022-06-22T10:40:03 EEST" name="tearDown" finished-at="2022-06-22T10:40:05 EEST" duration-ms="1199" status="PASS">
          <reporter-output>
          </reporter-output>
        </test-method> <!-- tearDown -->
        <test-method is-config="true" signature="setUp()[pri:0, instance:Selenium.TheInternetTests@43ee72e6]" started-at="2022-06-22T10:40:05 EEST" name="setUp" finished-at="2022-06-22T10:40:06 EEST" duration-ms="1004" status="PASS">
          <reporter-output>
          </reporter-output>
        </test-method> <!-- setUp -->
        <test-method signature="dynamicControls()[pri:0, instance:Selenium.TheInternetTests@43ee72e6]" started-at="2022-06-22T10:40:06 EEST" name="dynamicControls" finished-at="2022-06-22T10:40:15 EEST" duration-ms="9063" status="PASS">
          <reporter-output>
          </reporter-output>
        </test-method> <!-- dynamicControls -->
        <test-method is-config="true" signature="tearDown()[pri:0, instance:Selenium.TheInternetTests@43ee72e6]" started-at="2022-06-22T10:40:15 EEST" name="tearDown" finished-at="2022-06-22T10:40:16 EEST" duration-ms="1197" status="PASS">
          <reporter-output>
          </reporter-output>
        </test-method> <!-- tearDown -->
      </class> <!-- Selenium.TheInternetTests -->
    </test> <!-- RestTesting -->
  </suite> <!-- Default Suite -->
</testng-results>
