<?xml version="1.0" encoding="UTF-8"?>
<!-- Generated by org.testng.reporters.JUnitReportReporter -->
<testsuite hostname="MBGNW0224" failures="1" tests="13" name="Selenium.TheInternetTests" time="234.143" errors="0" timestamp="2022-06-22T10:40:16 EEST" skipped="0">
  <testcase classname="Selenium.TheInternetTests" name="ABTest" time="5.522"/>
  <system-out/>
  <testcase classname="Selenium.TheInternetTests" name="BasicAuthTest" time="5.641"/>
  <system-out/>
  <testcase classname="Selenium.TheInternetTests" name="checkboxesTest" time="4.078"/>
  <system-out/>
  <testcase classname="Selenium.TheInternetTests" name="ContextMenuTest" time="4.376"/>
  <system-out/>
  <testcase classname="Selenium.TheInternetTests" name="HoversTest" time="4.456"/>
  <system-out/>
  <testcase classname="Selenium.TheInternetTests" name="FloatingMenuTest" time="6.434"/>
  <system-out/>
  <testcase classname="Selenium.TheInternetTests" name="ChallengingDOM" time="7.141"/>
  <system-out/>
  <testcase classname="Selenium.TheInternetTests" name="DisappearingElementsTest" time="4.582"/>
  <system-out/>
  <testcase classname="Selenium.TheInternetTests" name="NewWindowTest" time="5.733"/>
  <system-out/>
  <testcase classname="Selenium.TheInternetTests" name="DragAndDropTest" time="142.415">
    <failure message="expected [B] but found [A]" type="java.lang.AssertionError">
      <![CDATA[java.lang.AssertionError: expected [B] but found [A]
at org.testng.Assert.fail(Assert.java:110)
at org.testng.Assert.failNotEquals(Assert.java:1413)
at org.testng.Assert.assertEqualsImpl(Assert.java:149)
at org.testng.Assert.assertEquals(Assert.java:131)
at org.testng.Assert.assertEquals(Assert.java:655)
at org.testng.Assert.assertEquals(Assert.java:665)
at Selenium.TheInternetTests.DragAndDropTest(TheInternetTests.java:82)
at java.base/jdk.internal.reflect.NativeMethodAccessorImpl.invoke0(Native Method)
at java.base/jdk.internal.reflect.NativeMethodAccessorImpl.invoke(NativeMethodAccessorImpl.java:77)
at java.base/jdk.internal.reflect.DelegatingMethodAccessorImpl.invoke(DelegatingMethodAccessorImpl.java:43)
at java.base/java.lang.reflect.Method.invoke(Method.java:568)
at org.testng.internal.invokers.MethodInvocationHelper.invokeMethod(MethodInvocationHelper.java:135)
at org.testng.internal.invokers.TestInvoker.invokeMethod(TestInvoker.java:673)
at org.testng.internal.invokers.TestInvoker.invokeTestMethod(TestInvoker.java:220)
at org.testng.internal.invokers.MethodRunner.runInSequence(MethodRunner.java:50)
at org.testng.internal.invokers.TestInvoker$MethodInvocationAgent.invoke(TestInvoker.java:945)
at org.testng.internal.invokers.TestInvoker.invokeTestMethods(TestInvoker.java:193)
at org.testng.internal.invokers.TestMethodWorker.invokeTestMethods(TestMethodWorker.java:146)
at org.testng.internal.invokers.TestMethodWorker.run(TestMethodWorker.java:128)
at java.base/java.util.ArrayList.forEach(ArrayList.java:1511)
at org.testng.TestRunner.privateRun(TestRunner.java:808)
at org.testng.TestRunner.run(TestRunner.java:603)
at org.testng.SuiteRunner.runTest(SuiteRunner.java:429)
at org.testng.SuiteRunner.runSequentially(SuiteRunner.java:423)
at org.testng.SuiteRunner.privateRun(SuiteRunner.java:383)
at org.testng.SuiteRunner.run(SuiteRunner.java:326)
at org.testng.SuiteRunnerWorker.runSuite(SuiteRunnerWorker.java:52)
at org.testng.SuiteRunnerWorker.run(SuiteRunnerWorker.java:95)
at org.testng.TestNG.runSuitesSequentially(TestNG.java:1249)
at org.testng.TestNG.runSuitesLocally(TestNG.java:1169)
at org.testng.TestNG.runSuites(TestNG.java:1092)
at org.testng.TestNG.run(TestNG.java:1060)
at com.intellij.rt.testng.IDEARemoteTestNG.run(IDEARemoteTestNG.java:66)
at com.intellij.rt.testng.RemoteTestNGStarter.main(RemoteTestNGStarter.java:109)
]]>
    </failure>
  </testcase> <!-- DragAndDropTest -->
  <system-out/>
  <testcase classname="Selenium.TheInternetTests" name="DropdownListTest" time="4.195"/>
  <system-out/>
  <testcase classname="Selenium.TheInternetTests" name="AddRemoveElementsTest" time="28.258"/>
  <system-out/>
  <testcase classname="Selenium.TheInternetTests" name="dynamicControls" time="11.312"/>
  <system-out/>
</testsuite> <!-- Selenium.TheInternetTests -->
